#
# There is insufficient memory for the Java Runtime Environment to continue.
# Native memory allocation (mmap) failed to map 17825792 bytes for G1 virtual space
# Possible reasons:
#   The system is out of physical RAM or swap space
#   The process is running with CompressedOops enabled, and the Java Heap may be blocking the growth of the native heap
# Possible solutions:
#   Reduce memory load on the system
#   Increase physical memory or swap space
#   Check if swap backing store is full
#   Decrease Java heap size (-Xmx/-Xms)
#   Decrease number of Java threads
#   Decrease Java thread stack sizes (-Xss)
#   Set larger code cache with -XX:ReservedCodeCacheSize=
#   JVM is running with Unscaled Compressed Oops mode in which the Java heap is
#     placed in the first 4GB address space. The Java Heap base address is the
#     maximum limit for the native heap growth. Please use -XX:HeapBaseMinAddress
#     to set the Java Heap base and to place the Java Heap above 4GB virtual address.
# This output file may be truncated or incomplete.
#
#  Out of Memory Error (os_windows.cpp:3548), pid=215532, tid=216880
#
# JRE version: Java(TM) SE Runtime Environment (17.0.12+8) (build 17.0.12+8-LTS-286)
# Java VM: Java HotSpot(TM) 64-Bit Server VM (17.0.12+8-LTS-286, mixed mode, emulated-client, sharing, tiered, compressed oops, compressed class ptrs, g1 gc, windows-amd64)
# No core dump will be written. Minidumps are not enabled by default on client versions of Windows
#

---------------  S U M M A R Y ------------

Command Line: -Dcom.sun.management.jmxremote -Dcom.sun.management.jmxremote.port=50184 -Dcom.sun.management.jmxremote.authenticate=false -Dcom.sun.management.jmxremote.ssl=false -Djava.rmi.server.hostname=localhost -Dspring.jmx.enabled=true -Dmanagement.endpoints.jmx.exposure.include=* -Dspring.application.admin.enabled=true -Dspring.output.ansi.enabled=always -XX:TieredStopAtLevel=1 -Dspring.boot.project.name=UserManagement -Dfile.encoding=UTF-8 -Dstdout.encoding=UTF-8 -Dstderr.encoding=UTF-8 -XX:+ShowCodeDetailsInExceptionMessages com.usermanagement.UserManagementApplication

Host: 11th Gen Intel(R) Core(TM) i3-1115G4 @ 3.00GHz, 4 cores, 7G,  Windows 10 , 64 bit Build 19041 (10.0.19041.5915)
Time: Wed Jan 21 16:24:09 2026 India Standard Time elapsed time: 9.981981 seconds (0d 0h 0m 9s)

---------------  T H R E A D  ---------------

Current thread (0x000002561e36d520):  VMThread "VM Thread" [stack: 0x000000565d000000,0x000000565d100000] [id=216880]

Stack: [0x000000565d000000,0x000000565d100000]
Native frames: (J=compiled Java code, j=interpreted, Vv=VM code, C=native code)
V  [jvm.dll+0x67a04a]
V  [jvm.dll+0x7da4ed]
V  [jvm.dll+0x7dbe33]
V  [jvm.dll+0x7dc4a3]
V  [jvm.dll+0x24508f]
V  [jvm.dll+0x677089]
V  [jvm.dll+0x66bd32]
V  [jvm.dll+0x301fa6]
V  [jvm.dll+0x309546]
V  [jvm.dll+0x359d2e]
V  [jvm.dll+0x359f5f]
V  [jvm.dll+0x2d9078]
V  [jvm.dll+0x2d74ad]
V  [jvm.dll+0x2d6afc]
V  [jvm.dll+0x31a65b]
V  [jvm.dll+0x7e0d9b]
V  [jvm.dll+0x7e1ad4]
V  [jvm.dll+0x7e1fed]
V  [jvm.dll+0x7e23c4]
V  [jvm.dll+0x7e2490]
V  [jvm.dll+0x78abea]
V  [jvm.dll+0x678f35]
C  [ucrtbase.dll+0x21bb2]
C  [KERNEL32.DLL+0x17374]
C  [ntdll.dll+0x4cc91]

VM_Operation (0x000000565caf7f50): G1CollectForAllocation, mode: safepoint, requested by thread 0x000002560ae161f0


---------------  P R O C E S S  ---------------

Threads class SMR info:
_java_thread_list=0x0000025664daeda0, length=18, elements={
0x000002560ae161f0, 0x000002561e374340, 0x000002561e375830, 0x000002561e383890,
0x000002561e384360, 0x000002561e388d50, 0x000002561e389620, 0x000002561e389ef0,
0x000002561e3bd6f0, 0x000002561e35d6a0, 0x000002561e5b4900, 0x00000256641c7010,
0x00000256641c74f0, 0x00000256641665a0, 0x0000025664241c70, 0x00000256642eefd0,
0x0000025664571e60, 0x0000025664571950
}

Java Threads: ( => current thread )
  0x000002560ae161f0 JavaThread "main" [_thread_blocked, id=212536, stack(0x000000565ca00000,0x000000565cb00000)]
  0x000002561e374340 JavaThread "Reference Handler" daemon [_thread_blocked, id=215568, stack(0x000000565d100000,0x000000565d200000)]
  0x000002561e375830 JavaThread "Finalizer" daemon [_thread_blocked, id=207220, stack(0x000000565d200000,0x000000565d300000)]
  0x000002561e383890 JavaThread "Signal Dispatcher" daemon [_thread_blocked, id=197436, stack(0x000000565d300000,0x000000565d400000)]
  0x000002561e384360 JavaThread "Attach Listener" daemon [_thread_blocked, id=216960, stack(0x000000565d400000,0x000000565d500000)]
  0x000002561e388d50 JavaThread "Service Thread" daemon [_thread_blocked, id=216608, stack(0x000000565d500000,0x000000565d600000)]
  0x000002561e389620 JavaThread "Monitor Deflation Thread" daemon [_thread_blocked, id=53812, stack(0x000000565d600000,0x000000565d700000)]
  0x000002561e389ef0 JavaThread "C1 CompilerThread0" daemon [_thread_blocked, id=214336, stack(0x000000565d700000,0x000000565d800000)]
  0x000002561e3bd6f0 JavaThread "Sweeper thread" daemon [_thread_blocked, id=216348, stack(0x000000565d800000,0x000000565d900000)]
  0x000002561e35d6a0 JavaThread "Common-Cleaner" daemon [_thread_blocked, id=214048, stack(0x000000565d900000,0x000000565da00000)]
  0x000002561e5b4900 JavaThread "Notification Thread" daemon [_thread_blocked, id=213576, stack(0x000000565da00000,0x000000565db00000)]
  0x00000256641c7010 JavaThread "RMI TCP Accept-0" daemon [_thread_in_native, id=201808, stack(0x000000565db00000,0x000000565dc00000)]
  0x00000256641c74f0 JavaThread "RMI TCP Accept-50184" daemon [_thread_in_native, id=215812, stack(0x000000565dc00000,0x000000565dd00000)]
  0x00000256641665a0 JavaThread "RMI TCP Accept-0" daemon [_thread_in_native, id=215768, stack(0x000000565dd00000,0x000000565de00000)]
  0x0000025664241c70 JavaThread "RMI TCP Connection(1)-127.0.0.1" daemon [_thread_in_native, id=201436, stack(0x000000565df00000,0x000000565e000000)]
  0x00000256642eefd0 JavaThread "RMI Scheduler(0)" daemon [_thread_blocked, id=216208, stack(0x000000565e500000,0x000000565e600000)]
  0x0000025664571e60 JavaThread "RMI TCP Connection(2)-127.0.0.1" daemon [_thread_in_native, id=216188, stack(0x000000565e600000,0x000000565e700000)]
  0x0000025664571950 JavaThread "JMX server connection timeout 21" daemon [_thread_blocked, id=216372, stack(0x000000565e700000,0x000000565e800000)]

Other Threads:
=>0x000002561e36d520 VMThread "VM Thread" [stack: 0x000000565d000000,0x000000565d100000] [id=216880]
  0x00000256641b94d0 WatcherThread [stack: 0x000000565de00000,0x000000565df00000] [id=204664]
  0x000002560ae6d260 GCTaskThread "GC Thread#0" [stack: 0x000000565cb00000,0x000000565cc00000] [id=211468]
  0x00000256641c34b0 GCTaskThread "GC Thread#1" [stack: 0x000000565e000000,0x000000565e100000] [id=216316]
  0x00000256641c3770 GCTaskThread "GC Thread#2" [stack: 0x000000565e100000,0x000000565e200000] [id=211264]
  0x00000256642c6ae0 GCTaskThread "GC Thread#3" [stack: 0x000000565e200000,0x000000565e300000] [id=214612]
  0x000002560ae7da80 ConcurrentGCThread "G1 Main Marker" [stack: 0x000000565cc00000,0x000000565cd00000] [id=215132]
  0x000002560ae7e3a0 ConcurrentGCThread "G1 Conc#0" [stack: 0x000000565cd00000,0x000000565ce00000] [id=216540]
  0x000002560aed36a0 ConcurrentGCThread "G1 Refine#0" [stack: 0x000000565ce00000,0x000000565cf00000] [id=216556]
  0x00000256641c3a30 ConcurrentGCThread "G1 Refine#1" [stack: 0x000000565e300000,0x000000565e400000] [id=214596]
  0x00000256641cef80 ConcurrentGCThread "G1 Refine#2" [stack: 0x000000565e400000,0x000000565e500000] [id=211092]
  0x000002561e230200 ConcurrentGCThread "G1 Service" [stack: 0x000000565cf00000,0x000000565d000000] [id=216012]

Threads with active compile tasks:

VM state: at safepoint (normal execution)

VM Mutex/Monitor currently owned by a thread:  ([mutex/lock_event])
[0x000002560ae14490] Threads_lock - owner thread: 0x000002561e36d520
[0x000002560ae14f40] Heap_lock - owner thread: 0x000002560ae161f0

Heap address: 0x0000000083600000, size: 1994 MB, Compressed Oops mode: 32-bit

CDS archive(s) mapped at: [0x000002561f000000-0x000002561fbd0000-0x000002561fbd0000), size 12386304, SharedBaseAddress: 0x000002561f000000, ArchiveRelocationMode: 1.
Compressed class space mapped at: 0x0000025620000000-0x0000025660000000, reserved size: 1073741824
Narrow klass base: 0x000002561f000000, Narrow klass shift: 0, Narrow klass range: 0x100000000

GC Precious Log:
 CPUs: 4 total, 4 available
 Memory: 7975M
 Large Page Support: Disabled
 NUMA Support: Disabled
 Compressed Oops: Enabled (32-bit)
 Heap Region Size: 1M
 Heap Min Capacity: 8M
 Heap Initial Capacity: 126M
 Heap Max Capacity: 1994M
 Pre-touch: Disabled
 Parallel Workers: 4
 Concurrent Workers: 1
 Concurrent Refinement Workers: 4
 Periodic GC: Disabled

Heap:
 garbage-first heap   total 55296K, used 23694K [0x0000000083600000, 0x0000000100000000)
  region size 1024K, 1 young (1024K), 1 survivors (1024K)
 Metaspace       used 39569K, committed 40000K, reserved 1114112K
  class space    used 5737K, committed 5952K, reserved 1048576K

Heap Regions: E=young(eden), S=young(survivor), O=old, HS=humongous(starts), HC=humongous(continues), CS=collection set, F=free, OA=open archive, CA=closed archive, TAMS=top-at-mark-start (previous, next)
|   0|0x0000000083600000, 0x0000000083700000, 0x0000000083700000|100%|HS|  |TAMS 0x0000000083700000, 0x0000000083600000| Complete 
|   1|0x0000000083700000, 0x0000000083800000, 0x0000000083800000|100%|HS|  |TAMS 0x0000000083800000, 0x0000000083700000| Complete 
|   2|0x0000000083800000, 0x0000000083900000, 0x0000000083900000|100%| O|  |TAMS 0x0000000083900000, 0x0000000083800000| Untracked 
|   3|0x0000000083900000, 0x0000000083a00000, 0x0000000083a00000|100%| O|  |TAMS 0x0000000083a00000, 0x0000000083900000| Untracked 
|   4|0x0000000083a00000, 0x0000000083b00000, 0x0000000083b00000|100%| O|  |TAMS 0x0000000083b00000, 0x0000000083a00000| Untracked 
|   5|0x0000000083b00000, 0x0000000083c00000, 0x0000000083c00000|100%| O|  |TAMS 0x0000000083c00000, 0x0000000083b00000| Untracked 
|   6|0x0000000083c00000, 0x0000000083d00000, 0x0000000083d00000|100%| O|  |TAMS 0x0000000083d00000, 0x0000000083c00000| Untracked 
|   7|0x0000000083d00000, 0x0000000083e00000, 0x0000000083e00000|100%| O|  |TAMS 0x0000000083e00000, 0x0000000083d00000| Untracked 
|   8|0x0000000083e00000, 0x0000000083f00000, 0x0000000083f00000|100%| O|  |TAMS 0x0000000083f00000, 0x0000000083e00000| Untracked 
|   9|0x0000000083f00000, 0x0000000084000000, 0x0000000084000000|100%| O|  |TAMS 0x0000000084000000, 0x0000000083f00000| Untracked 
|  10|0x0000000084000000, 0x0000000084100000, 0x0000000084100000|100%| O|  |TAMS 0x0000000084100000, 0x0000000084000000| Untracked 
|  11|0x0000000084100000, 0x0000000084200000, 0x0000000084200000|100%| O|  |TAMS 0x0000000084200000, 0x0000000084100000| Untracked 
|  12|0x0000000084200000, 0x0000000084300000, 0x0000000084300000|100%| O|  |TAMS 0x0000000084249000, 0x0000000084200000| Untracked 
|  13|0x0000000084300000, 0x0000000084400000, 0x0000000084400000|100%| O|  |TAMS 0x0000000084300000, 0x0000000084300000| Untracked 
|  14|0x0000000084400000, 0x0000000084500000, 0x0000000084500000|100%| O|  |TAMS 0x0000000084400000, 0x0000000084400000| Untracked 
|  15|0x0000000084500000, 0x0000000084600000, 0x0000000084600000|100%| O|  |TAMS 0x0000000084500000, 0x0000000084500000| Untracked 
|  16|0x0000000084600000, 0x00000000846cb000, 0x0000000084700000| 79%| O|  |TAMS 0x0000000084600000, 0x0000000084600000| Untracked 
|  17|0x0000000084700000, 0x0000000084700000, 0x0000000084800000|  0%| F|  |TAMS 0x0000000084700000, 0x0000000084700000| Untracked 
|  18|0x0000000084800000, 0x0000000084900000, 0x0000000084900000|100%| O|  |TAMS 0x0000000084900000, 0x0000000084800000| Untracked 
|  19|0x0000000084900000, 0x0000000084a00000, 0x0000000084a00000|100%| O|  |TAMS 0x0000000084a00000, 0x0000000084900000| Untracked 
|  20|0x0000000084a00000, 0x0000000084b00000, 0x0000000084b00000|100%| O|  |TAMS 0x0000000084b00000, 0x0000000084a00000| Untracked 
|  21|0x0000000084b00000, 0x0000000084c00000, 0x0000000084c00000|100%| O|  |TAMS 0x0000000084c00000, 0x0000000084b00000| Untracked 
|  22|0x0000000084c00000, 0x0000000084d00000, 0x0000000084d00000|100%| O|  |TAMS 0x0000000084d00000, 0x0000000084c00000| Untracked 
|  23|0x0000000084d00000, 0x0000000084e00000, 0x0000000084e00000|100%| O|  |TAMS 0x0000000084e00000, 0x0000000084d00000| Untracked 
|  24|0x0000000084e00000, 0x0000000084e00000, 0x0000000084f00000|  0%| F|  |TAMS 0x0000000084e00000, 0x0000000084e00000| Untracked 
|  25|0x0000000084f00000, 0x0000000084f00000, 0x0000000085000000|  0%| F|  |TAMS 0x0000000084f00000, 0x0000000084f00000| Untracked 
|  26|0x0000000085000000, 0x0000000085000000, 0x0000000085100000|  0%| F|  |TAMS 0x0000000085000000, 0x0000000085000000| Untracked 
|  27|0x0000000085100000, 0x0000000085100000, 0x0000000085200000|  0%| F|  |TAMS 0x0000000085100000, 0x0000000085100000| Untracked 
|  28|0x0000000085200000, 0x0000000085200000, 0x0000000085300000|  0%| F|  |TAMS 0x0000000085200000, 0x0000000085200000| Untracked 
|  29|0x0000000085300000, 0x0000000085300000, 0x0000000085400000|  0%| F|  |TAMS 0x0000000085300000, 0x0000000085300000| Untracked 
|  30|0x0000000085400000, 0x0000000085400000, 0x0000000085500000|  0%| F|  |TAMS 0x0000000085400000, 0x0000000085400000| Untracked 
|  31|0x0000000085500000, 0x0000000085500000, 0x0000000085600000|  0%| F|  |TAMS 0x0000000085500000, 0x0000000085500000| Untracked 
|  32|0x0000000085600000, 0x0000000085600000, 0x0000000085700000|  0%| F|  |TAMS 0x0000000085600000, 0x0000000085600000| Untracked 
|  33|0x0000000085700000, 0x0000000085700000, 0x0000000085800000|  0%| F|  |TAMS 0x0000000085700000, 0x0000000085700000| Untracked 
|  34|0x0000000085800000, 0x0000000085800000, 0x0000000085900000|  0%| F|  |TAMS 0x0000000085800000, 0x0000000085800000| Untracked 
|  35|0x0000000085900000, 0x0000000085900000, 0x0000000085a00000|  0%| F|  |TAMS 0x0000000085900000, 0x0000000085900000| Untracked 
|  36|0x0000000085a00000, 0x0000000085a00000, 0x0000000085b00000|  0%| F|  |TAMS 0x0000000085a00000, 0x0000000085a00000| Untracked 
|  37|0x0000000085b00000, 0x0000000085b00000, 0x0000000085c00000|  0%| F|  |TAMS 0x0000000085b00000, 0x0000000085b00000| Untracked 
|  38|0x0000000085c00000, 0x0000000085c00000, 0x0000000085d00000|  0%| F|  |TAMS 0x0000000085c00000, 0x0000000085c00000| Untracked 
|  39|0x0000000085d00000, 0x0000000085d00000, 0x0000000085e00000|  0%| F|  |TAMS 0x0000000085d00000, 0x0000000085d00000| Untracked 
|  40|0x0000000085e00000, 0x0000000085e00000, 0x0000000085f00000|  0%| F|  |TAMS 0x0000000085e00000, 0x0000000085e00000| Untracked 
|  41|0x0000000085f00000, 0x0000000085f00000, 0x0000000086000000|  0%| F|  |TAMS 0x0000000085f00000, 0x0000000085f00000| Untracked 
|  42|0x0000000086000000, 0x0000000086000000, 0x0000000086100000|  0%| F|  |TAMS 0x0000000086000000, 0x0000000086000000| Untracked 
|  43|0x0000000086100000, 0x0000000086100000, 0x0000000086200000|  0%| F|  |TAMS 0x0000000086100000, 0x0000000086100000| Untracked 
|  44|0x0000000086200000, 0x0000000086200000, 0x0000000086300000|  0%| F|  |TAMS 0x0000000086200000, 0x0000000086200000| Untracked 
|  45|0x0000000086300000, 0x0000000086300000, 0x0000000086400000|  0%| F|  |TAMS 0x0000000086300000, 0x0000000086300000| Untracked 
|  63|0x0000000087500000, 0x0000000087500000, 0x0000000087600000|  0%| F|  |TAMS 0x0000000087500000, 0x0000000087500000| Untracked 
|  64|0x0000000087600000, 0x0000000087600000, 0x0000000087700000|  0%| F|  |TAMS 0x0000000087600000, 0x0000000087600000| Untracked 
|  65|0x0000000087700000, 0x0000000087700000, 0x0000000087800000|  0%| F|  |TAMS 0x0000000087700000, 0x0000000087700000| Untracked 
|  66|0x0000000087800000, 0x0000000087800000, 0x0000000087900000|  0%| F|  |TAMS 0x0000000087800000, 0x0000000087800000| Untracked 
|  67|0x0000000087900000, 0x0000000087900000, 0x0000000087a00000|  0%| F|  |TAMS 0x0000000087900000, 0x0000000087900000| Untracked 
|  68|0x0000000087a00000, 0x0000000087a00000, 0x0000000087b00000|  0%| F|  |TAMS 0x0000000087a00000, 0x0000000087a00000| Untracked 
|  69|0x0000000087b00000, 0x0000000087b589c0, 0x0000000087c00000| 34%| S|CS|TAMS 0x0000000087b00000, 0x0000000087b00000| Complete 
| 125|0x000000008b300000, 0x000000008b300000, 0x000000008b400000|  0%| F|  |TAMS 0x000000008b300000, 0x000000008b300000| Untracked 

Card table byte_map: [0x0000025617730000,0x0000025617b20000] _byte_map_base: 0x0000025617315000

Marking Bits (Prev, Next): (CMBitMap*) 0x000002560ae6d790, (CMBitMap*) 0x000002560ae6d7d0
 Prev Bits: [0x0000025617f10000, 0x0000025619e38000)
 Next Bits: [0x0000025619e40000, 0x000002561bd68000)

Polling page: 0x000002560acb0000

Metaspace:

Usage:
  Non-class:     33.04 MB used.
      Class:      5.60 MB used.
       Both:     38.64 MB used.

Virtual space:
  Non-class space:       64.00 MB reserved,      33.25 MB ( 52%) committed,  1 nodes.
      Class space:        1.00 GB reserved,       5.81 MB ( <1%) committed,  1 nodes.
             Both:        1.06 GB reserved,      39.06 MB (  4%) committed. 

Chunk freelists:
   Non-Class:  14.56 MB
       Class:  10.19 MB
        Both:  24.76 MB

MaxMetaspaceSize: unlimited
CompressedClassSpaceSize: 1.00 GB
Initial GC threshold: 21.00 MB
Current GC threshold: 58.69 MB
CDS: on
MetaspaceReclaimPolicy: balanced
 - commit_granule_bytes: 65536.
 - commit_granule_words: 8192.
 - virtual_space_node_default_size: 8388608.
 - enlarge_chunks_in_place: 1.
 - new_chunks_are_fully_committed: 0.
 - uncommit_free_chunks: 1.
 - use_allocation_guard: 0.
 - handle_deallocations: 1.


Internal statistics:

num_allocs_failed_limit: 6.
num_arena_births: 638.
num_arena_deaths: 0.
num_vsnodes_births: 2.
num_vsnodes_deaths: 0.
num_space_committed: 625.
num_space_uncommitted: 0.
num_chunks_returned_to_freelist: 6.
num_chunks_taken_from_freelist: 2071.
num_chunk_merges: 6.
num_chunk_splits: 1473.
num_chunks_enlarged: 1102.
num_inconsistent_stats: 0.

CodeCache: size=49152Kb used=7714Kb max_used=7714Kb free=41437Kb
 bounds [0x0000025613f00000, 0x0000025614690000, 0x0000025616f00000]
 total_blobs=4748 nmethods=4216 adapters=459
 compilation: enabled
              stopped_count=0, restarted_count=0
 full_count=0

Compilation events (20 events):
Event: 9.946 Thread 0x000002561e389ef0 4207       1       java.util.AbstractList::iterator (9 bytes)
Event: 9.946 Thread 0x000002561e389ef0 nmethod 4207 0x0000025614686190 code [0x0000025614686320, 0x0000025614686498]
Event: 9.946 Thread 0x000002561e389ef0 4208       1       net.bytebuddy.matcher.FilterableList$AbstractBase::<init> (5 bytes)
Event: 9.946 Thread 0x000002561e389ef0 nmethod 4208 0x0000025614686510 code [0x00000256146866a0, 0x0000025614686778]
Event: 9.957 Thread 0x000002561e389ef0 4209       1       net.bytebuddy.description.method.MethodDescription$ForLoadedMethod::getDeclaringType (14 bytes)
Event: 9.957 Thread 0x000002561e389ef0 nmethod 4209 0x0000025614686810 code [0x00000256146869c0, 0x0000025614686c68]
Event: 9.958 Thread 0x000002561e389ef0 4210       1       net.bytebuddy.description.type.TypeDescription$Generic$LazyProjection$WithEagerNavigation$OfAnnotatedElement::<init> (5 bytes)
Event: 9.958 Thread 0x000002561e389ef0 nmethod 4210 0x0000025614686d90 code [0x0000025614686f20, 0x0000025614686fd8]
Event: 9.958 Thread 0x000002561e389ef0 4211       1       net.bytebuddy.description.type.TypeDescription$Generic$LazyProjection$WithEagerNavigation::<init> (5 bytes)
Event: 9.958 Thread 0x000002561e389ef0 nmethod 4211 0x0000025614687090 code [0x0000025614687220, 0x00000256146872d8]
Event: 9.958 Thread 0x000002561e389ef0 4212       1       net.bytebuddy.description.type.TypeDescription$Generic$LazyProjection::<init> (5 bytes)
Event: 9.958 Thread 0x000002561e389ef0 nmethod 4212 0x0000025614687390 code [0x0000025614687520, 0x00000256146875d8]
Event: 9.959 Thread 0x000002561e389ef0 4213       1       net.bytebuddy.description.type.TypeDescription$AbstractBase::equals (60 bytes)
Event: 9.959 Thread 0x000002561e389ef0 nmethod 4213 0x0000025614687690 code [0x00000256146878c0, 0x0000025614687d28]
Event: 9.959 Thread 0x000002561e389ef0 4214       1       net.bytebuddy.description.type.TypeDefinition$Sort::isNonGeneric (13 bytes)
Event: 9.959 Thread 0x000002561e389ef0 nmethod 4214 0x0000025614688010 code [0x00000256146881a0, 0x0000025614688278]
Event: 9.959 Thread 0x000002561e389ef0 4215       1       net.bytebuddy.description.type.TypeDescription$AbstractBase::hashCode (54 bytes)
Event: 9.960 Thread 0x000002561e389ef0 nmethod 4215 0x0000025614688310 code [0x00000256146884e0, 0x00000256146886d8]
Event: 9.966 Thread 0x000002561e389ef0 4216       1       java.util.concurrent.atomic.AtomicLong::get (5 bytes)
Event: 9.966 Thread 0x000002561e389ef0 nmethod 4216 0x0000025614688890 code [0x0000025614688a20, 0x0000025614688af8]

GC Heap History (20 events):
Event: 2.795 GC heap after
{Heap after GC invocations=2 (full 0):
 garbage-first heap   total 129024K, used 8794K [0x0000000083600000, 0x0000000100000000)
  region size 1024K, 1 young (1024K), 1 survivors (1024K)
 Metaspace       used 6779K, committed 7040K, reserved 1114112K
  class space    used 873K, committed 1024K, reserved 1048576K
}
Event: 4.091 GC heap before
{Heap before GC invocations=2 (full 0):
 garbage-first heap   total 129024K, used 31322K [0x0000000083600000, 0x0000000100000000)
  region size 1024K, 23 young (23552K), 1 survivors (1024K)
 Metaspace       used 11769K, committed 12160K, reserved 1114112K
  class space    used 1685K, committed 1856K, reserved 1048576K
}
Event: 4.094 GC heap after
{Heap after GC invocations=3 (full 0):
 garbage-first heap   total 129024K, used 10715K [0x0000000083600000, 0x0000000100000000)
  region size 1024K, 3 young (3072K), 3 survivors (3072K)
 Metaspace       used 11769K, committed 12160K, reserved 1114112K
  class space    used 1685K, committed 1856K, reserved 1048576K
}
Event: 5.289 GC heap before
{Heap before GC invocations=3 (full 0):
 garbage-first heap   total 129024K, used 62939K [0x0000000083600000, 0x0000000100000000)
  region size 1024K, 56 young (57344K), 3 survivors (3072K)
 Metaspace       used 21176K, committed 21504K, reserved 1114112K
  class space    used 2965K, committed 3136K, reserved 1048576K
}
Event: 5.306 GC heap after
{Heap after GC invocations=4 (full 0):
 garbage-first heap   total 129024K, used 14603K [0x0000000083600000, 0x0000000100000000)
  region size 1024K, 7 young (7168K), 7 survivors (7168K)
 Metaspace       used 21176K, committed 21504K, reserved 1114112K
  class space    used 2965K, committed 3136K, reserved 1048576K
}
Event: 6.225 GC heap before
{Heap before GC invocations=5 (full 0):
 garbage-first heap   total 55296K, used 43275K [0x0000000083600000, 0x0000000100000000)
  region size 1024K, 36 young (36864K), 7 survivors (7168K)
 Metaspace       used 24365K, committed 24832K, reserved 1114112K
  class space    used 3445K, committed 3648K, reserved 1048576K
}
Event: 6.235 GC heap after
{Heap after GC invocations=6 (full 0):
 garbage-first heap   total 55296K, used 17039K [0x0000000083600000, 0x0000000100000000)
  region size 1024K, 7 young (7168K), 7 survivors (7168K)
 Metaspace       used 24365K, committed 24832K, reserved 1114112K
  class space    used 3445K, committed 3648K, reserved 1048576K
}
Event: 6.295 GC heap before
{Heap before GC invocations=6 (full 0):
 garbage-first heap   total 55296K, used 18063K [0x0000000083600000, 0x0000000100000000)
  region size 1024K, 8 young (8192K), 7 survivors (7168K)
 Metaspace       used 24485K, committed 24896K, reserved 1114112K
  class space    used 3463K, committed 3648K, reserved 1048576K
}
Event: 6.303 GC heap after
{Heap after GC invocations=7 (full 0):
 garbage-first heap   total 55296K, used 17789K [0x0000000083600000, 0x0000000100000000)
  region size 1024K, 1 young (1024K), 1 survivors (1024K)
 Metaspace       used 24485K, committed 24896K, reserved 1114112K
  class space    used 3463K, committed 3648K, reserved 1048576K
}
Event: 7.154 GC heap before
{Heap before GC invocations=7 (full 0):
 garbage-first heap   total 55296K, used 38269K [0x0000000083600000, 0x0000000100000000)
  region size 1024K, 21 young (21504K), 1 survivors (1024K)
 Metaspace       used 26999K, committed 27456K, reserved 1114112K
  class space    used 3802K, committed 4032K, reserved 1048576K
}
Event: 7.160 GC heap after
{Heap after GC invocations=8 (full 0):
 garbage-first heap   total 55296K, used 18405K [0x0000000083600000, 0x0000000100000000)
  region size 1024K, 2 young (2048K), 2 survivors (2048K)
 Metaspace       used 26999K, committed 27456K, reserved 1114112K
  class space    used 3802K, committed 4032K, reserved 1048576K
}
Event: 7.997 GC heap before
{Heap before GC invocations=8 (full 0):
 garbage-first heap   total 55296K, used 38885K [0x0000000083600000, 0x0000000100000000)
  region size 1024K, 22 young (22528K), 2 survivors (2048K)
 Metaspace       used 29611K, committed 30016K, reserved 1114112K
  class space    used 4219K, committed 4416K, reserved 1048576K
}
Event: 8.003 GC heap after
{Heap after GC invocations=9 (full 0):
 garbage-first heap   total 55296K, used 19799K [0x0000000083600000, 0x0000000100000000)
  region size 1024K, 3 young (3072K), 3 survivors (3072K)
 Metaspace       used 29611K, committed 30016K, reserved 1114112K
  class space    used 4219K, committed 4416K, reserved 1048576K
}
Event: 8.692 GC heap before
{Heap before GC invocations=9 (full 0):
 garbage-first heap   total 55296K, used 40279K [0x0000000083600000, 0x0000000100000000)
  region size 1024K, 23 young (23552K), 3 survivors (3072K)
 Metaspace       used 32969K, committed 33472K, reserved 1114112K
  class space    used 4665K, committed 4928K, reserved 1048576K
}
Event: 8.700 GC heap after
{Heap after GC invocations=10 (full 0):
 garbage-first heap   total 55296K, used 21796K [0x0000000083600000, 0x0000000100000000)
  region size 1024K, 2 young (2048K), 2 survivors (2048K)
 Metaspace       used 32969K, committed 33472K, reserved 1114112K
  class space    used 4665K, committed 4928K, reserved 1048576K
}
Event: 9.482 GC heap before
{Heap before GC invocations=10 (full 0):
 garbage-first heap   total 55296K, used 38180K [0x0000000083600000, 0x0000000100000000)
  region size 1024K, 19 young (19456K), 2 survivors (2048K)
 Metaspace       used 35488K, committed 35968K, reserved 1114112K
  class space    used 5024K, committed 5248K, reserved 1048576K
}
Event: 9.489 GC heap after
{Heap after GC invocations=11 (full 0):
 garbage-first heap   total 55296K, used 22913K [0x0000000083600000, 0x0000000100000000)
  region size 1024K, 2 young (2048K), 2 survivors (2048K)
 Metaspace       used 35488K, committed 35968K, reserved 1114112K
  class space    used 5024K, committed 5248K, reserved 1048576K
}
Event: 9.948 GC heap before
{Heap before GC invocations=12 (full 0):
 garbage-first heap   total 55296K, used 42369K [0x0000000083600000, 0x0000000100000000)
  region size 1024K, 21 young (21504K), 2 survivors (2048K)
 Metaspace       used 39396K, committed 39872K, reserved 1114112K
  class space    used 5701K, committed 5952K, reserved 1048576K
}
Event: 9.954 GC heap after
{Heap after GC invocations=13 (full 0):
 garbage-first heap   total 55296K, used 23688K [0x0000000083600000, 0x0000000100000000)
  region size 1024K, 3 young (3072K), 3 survivors (3072K)
 Metaspace       used 39396K, committed 39872K, reserved 1114112K
  class space    used 5701K, committed 5952K, reserved 1048576K
}
Event: 9.973 GC heap before
{Heap before GC invocations=13 (full 0):
 garbage-first heap   total 55296K, used 23688K [0x0000000083600000, 0x0000000100000000)
  region size 1024K, 4 young (4096K), 3 survivors (3072K)
 Metaspace       used 39569K, committed 40000K, reserved 1114112K
  class space    used 5737K, committed 5952K, reserved 1048576K
}

Deoptimization events (0 events):
No events

Classes unloaded (0 events):
No events

Classes redefined (0 events):
No events

Internal exceptions (20 events):
Event: 7.844 Thread 0x000002560ae161f0 Exception <a 'java/lang/NoClassDefFoundError'{0x0000000085e2c2b0}: org/springframework/batch/core/repository/JobRepository> (0x0000000085e2c2b0) 
thrown [s\open\src\hotspot\share\classfile\systemDictionary.cpp, line 245]
Event: 7.844 Thread 0x000002560ae161f0 Exception <a 'java/lang/NoClassDefFoundError'{0x0000000085e2e4c8}: org/quartz/Scheduler> (0x0000000085e2e4c8) 
thrown [s\open\src\hotspot\share\classfile\systemDictionary.cpp, line 245]
Event: 7.844 Thread 0x000002560ae161f0 Exception <a 'java/lang/NoClassDefFoundError'{0x0000000085e30c20}: org/springframework/session/jdbc/JdbcIndexedSessionRepository> (0x0000000085e30c20) 
thrown [s\open\src\hotspot\share\classfile\systemDictionary.cpp, line 245]
Event: 7.896 Thread 0x000002560ae161f0 Exception <a 'java/lang/NoSuchMethodError'{0x0000000085dcda80}: 'void java.lang.invoke.DirectMethodHandle$Holder.invokeSpecial(java.lang.Object, java.lang.Object, java.lang.Object, java.lang.Object, java.lang.Object, java.lang.Object)'> (0x0000000085dcda80) 
thrown [s\open\src\hotspot\share\interpreter\linkResolver.cpp, line 759]
Event: 7.928 Thread 0x000002560ae161f0 Exception <a 'java/lang/IncompatibleClassChangeError'{0x0000000085b7e000}: Found class java.lang.Object, but interface was expected> (0x0000000085b7e000) 
thrown [s\open\src\hotspot\share\interpreter\linkResolver.cpp, line 826]
Event: 8.123 Thread 0x000002560ae161f0 Exception <a 'java/lang/NoSuchMethodError'{0x000000008777a148}: 'void java.lang.invoke.DirectMethodHandle$Holder.invokeStatic(java.lang.Object, int, java.lang.Object)'> (0x000000008777a148) 
thrown [s\open\src\hotspot\share\interpreter\linkResolver.cpp, line 759]
Event: 8.125 Thread 0x000002560ae161f0 Exception <a 'java/lang/NoSuchMethodError'{0x00000000877a3c00}: 'void java.lang.invoke.DirectMethodHandle$Holder.invokeInterface(java.lang.Object, java.lang.Object, int)'> (0x00000000877a3c00) 
thrown [s\open\src\hotspot\share\interpreter\linkResolver.cpp, line 759]
Event: 8.129 Thread 0x000002560ae161f0 Exception <a 'java/lang/IncompatibleClassChangeError'{0x00000000877f44f8}: Found class java.lang.Object, but interface was expected> (0x00000000877f44f8) 
thrown [s\open\src\hotspot\share\interpreter\linkResolver.cpp, line 826]
Event: 8.133 Thread 0x000002560ae161f0 Exception <a 'java/lang/NoSuchMethodError'{0x00000000876488c8}: 'void java.lang.invoke.DirectMethodHandle$Holder.invokeVirtual(java.lang.Object, java.lang.Object, int)'> (0x00000000876488c8) 
thrown [s\open\src\hotspot\share\interpreter\linkResolver.cpp, line 759]
Event: 8.134 Thread 0x000002560ae161f0 Exception <a 'java/lang/NoSuchMethodError'{0x000000008764eb10}: 'void java.lang.invoke.DirectMethodHandle$Holder.invokeStatic(java.lang.Object, java.lang.Object, java.lang.Object, int, java.lang.Object)'> (0x000000008764eb10) 
thrown [s\open\src\hotspot\share\interpreter\linkResolver.cpp, line 759]
Event: 8.134 Thread 0x000002560ae161f0 Exception <a 'java/lang/NoSuchMethodError'{0x0000000087656018}: 'java.lang.Object java.lang.invoke.DirectMethodHandle$Holder.newInvokeSpecial(java.lang.Object, java.lang.Object, java.lang.Object, int)'> (0x0000000087656018) 
thrown [s\open\src\hotspot\share\interpreter\linkResolver.cpp, line 759]
Event: 8.134 Thread 0x000002560ae161f0 Exception <a 'java/lang/NoSuchMethodError'{0x000000008765a300}: 'java.lang.Object java.lang.invoke.DirectMethodHandle$Holder.invokeSpecial(java.lang.Object, java.lang.Object, java.lang.Object, java.lang.Object, int)'> (0x000000008765a300) 
thrown [s\open\src\hotspot\share\interpreter\linkResolver.cpp, line 759]
Event: 8.134 Thread 0x000002560ae161f0 Exception <a 'java/lang/NoSuchMethodError'{0x000000008765dec8}: 'java.lang.Object java.lang.invoke.Invokers$Holder.linkToTargetMethod(java.lang.Object, java.lang.Object, int, java.lang.Object)'> (0x000000008765dec8) 
thrown [s\open\src\hotspot\share\interpreter\linkResolver.cpp, line 759]
Event: 8.325 Thread 0x0000025664571e60 Exception <a 'java/lang/reflect/InvocationTargetException'{0x0000000085e01b90}> (0x0000000085e01b90) 
thrown [s\open\src\hotspot\share\runtime\reflection.cpp, line 1121]
Event: 8.585 Thread 0x000002560ae161f0 Exception <a 'java/io/FileNotFoundException'{0x0000000085a00f90}> (0x0000000085a00f90) 
thrown [s\open\src\hotspot\share\prims\jni.cpp, line 516]
Event: 8.691 Thread 0x000002560ae161f0 Exception <a 'java/lang/NoSuchMethodError'{0x00000000858f9da0}: 'int java.lang.invoke.DirectMethodHandle$Holder.invokeInterface(java.lang.Object, java.lang.Object, java.lang.Object, java.lang.Object)'> (0x00000000858f9da0) 
thrown [s\open\src\hotspot\share\interpreter\linkResolver.cpp, line 759]
Event: 8.831 Thread 0x0000025664571e60 Exception <a 'java/lang/reflect/InvocationTargetException'{0x000000008775efb0}> (0x000000008775efb0) 
thrown [s\open\src\hotspot\share\runtime\reflection.cpp, line 1121]
Event: 8.890 Thread 0x000002560ae161f0 Exception <a 'sun/nio/fs/WindowsException'{0x000000008756a938}> (0x000000008756a938) 
thrown [s\open\src\hotspot\share\prims\jni.cpp, line 516]
Event: 9.336 Thread 0x0000025664571e60 Exception <a 'java/lang/reflect/InvocationTargetException'{0x0000000085d69748}> (0x0000000085d69748) 
thrown [s\open\src\hotspot\share\runtime\reflection.cpp, line 1121]
Event: 9.889 Thread 0x0000025664571e60 Exception <a 'java/lang/reflect/InvocationTargetException'{0x0000000085cbc218}> (0x0000000085cbc218) 
thrown [s\open\src\hotspot\share\runtime\reflection.cpp, line 1121]

VM Operations (20 events):
Event: 8.473 Executing VM operation: HandshakeAllThreads done
Event: 8.562 Executing VM operation: HandshakeAllThreads
Event: 8.562 Executing VM operation: HandshakeAllThreads done
Event: 8.650 Executing VM operation: HandshakeAllThreads
Event: 8.650 Executing VM operation: HandshakeAllThreads done
Event: 8.692 Executing VM operation: G1CollectForAllocation
Event: 8.700 Executing VM operation: G1CollectForAllocation done
Event: 8.790 Executing VM operation: HandshakeAllThreads
Event: 8.790 Executing VM operation: HandshakeAllThreads done
Event: 9.270 Executing VM operation: HandshakeAllThreads
Event: 9.270 Executing VM operation: HandshakeAllThreads done
Event: 9.481 Executing VM operation: CollectForMetadataAllocation
Event: 9.491 Executing VM operation: CollectForMetadataAllocation done
Event: 9.525 Executing VM operation: G1Concurrent
Event: 9.529 Executing VM operation: G1Concurrent done
Event: 9.542 Executing VM operation: G1Concurrent
Event: 9.542 Executing VM operation: G1Concurrent done
Event: 9.948 Executing VM operation: G1CollectForAllocation
Event: 9.954 Executing VM operation: G1CollectForAllocation done
Event: 9.972 Executing VM operation: G1CollectForAllocation

Events (20 events):
Event: 8.878 loading class javax/naming/Referenceable
Event: 8.878 loading class javax/naming/Referenceable done
Event: 8.914 loading class java/lang/instrument/ClassFileTransformer
Event: 8.914 loading class java/lang/instrument/ClassFileTransformer done
Event: 9.703 loading class javax/xml/stream/XMLEventReader
Event: 9.704 loading class javax/xml/stream/XMLEventReader done
Event: 9.704 loading class javax/xml/stream/XMLResolver
Event: 9.704 loading class javax/xml/stream/XMLResolver done
Event: 9.709 loading class javax/xml/stream/XMLEventFactory
Event: 9.709 loading class javax/xml/stream/XMLEventFactory done
Event: 9.709 loading class javax/xml/stream/FactoryFinder
Event: 9.710 loading class javax/xml/stream/FactoryFinder done
Event: 9.710 loading class javax/xml/stream/FactoryFinder$1
Event: 9.711 loading class javax/xml/stream/FactoryFinder$1 done
Event: 9.711 loading class com/sun/xml/internal/stream/events/XMLEventFactoryImpl
Event: 9.712 loading class com/sun/xml/internal/stream/events/XMLEventFactoryImpl done
Event: 9.739 loading class java/lang/Process
Event: 9.739 loading class java/lang/Process done
Event: 9.751 loading class java/lang/reflect/GenericSignatureFormatError
Event: 9.751 loading class java/lang/reflect/GenericSignatureFormatError done


Dynamic libraries:
0x00007ff6c7db0000 - 0x00007ff6c7dc0000 	C:\Program Files\Java\jdk-17\bin\javaw.exe
0x00007ffbe2390000 - 0x00007ffbe2588000 	C:\Windows\SYSTEM32\ntdll.dll
0x00007ffbe1630000 - 0x00007ffbe16f2000 	C:\Windows\System32\KERNEL32.DLL
0x00007ffbdfa20000 - 0x00007ffbdfd16000 	C:\Windows\System32\KERNELBASE.dll
0x00007ffbe02b0000 - 0x00007ffbe03b0000 	C:\Windows\System32\ucrtbase.dll
0x00007ffbbf930000 - 0x00007ffbbf949000 	C:\Program Files\Java\jdk-17\bin\jli.dll
0x00007ffbe1310000 - 0x00007ffbe13c1000 	C:\Windows\System32\ADVAPI32.dll
0x00007ffbe0710000 - 0x00007ffbe07ae000 	C:\Windows\System32\msvcrt.dll
0x00007ffbe1700000 - 0x00007ffbe179f000 	C:\Windows\System32\sechost.dll
0x00007ffbe1080000 - 0x00007ffbe11a0000 	C:\Windows\System32\RPCRT4.dll
0x00007ffbe0280000 - 0x00007ffbe02a7000 	C:\Windows\System32\bcrypt.dll
0x00007ffbe1b30000 - 0x00007ffbe1cd1000 	C:\Windows\System32\USER32.dll
0x00007ffbbf910000 - 0x00007ffbbf92b000 	C:\Program Files\Java\jdk-17\bin\VCRUNTIME140.dll
0x00007ffbcbe40000 - 0x00007ffbcc0db000 	C:\Windows\WinSxS\amd64_microsoft.windows.common-controls_6595b64144ccf1df_6.0.19041.6456_none_60b8a6cb71f64256\COMCTL32.dll
0x00007ffbe00d0000 - 0x00007ffbe00f2000 	C:\Windows\System32\win32u.dll
0x00007ffbe17a0000 - 0x00007ffbe17cb000 	C:\Windows\System32\GDI32.dll
0x00007ffbd6ab0000 - 0x00007ffbd6aba000 	C:\Windows\SYSTEM32\VERSION.dll
0x00007ffbdfd20000 - 0x00007ffbdfe39000 	C:\Windows\System32\gdi32full.dll
0x00007ffbe0100000 - 0x00007ffbe019d000 	C:\Windows\System32\msvcp_win.dll
0x00007ffbe07b0000 - 0x00007ffbe07df000 	C:\Windows\System32\IMM32.DLL
0x00007ffbc5670000 - 0x00007ffbc567c000 	C:\Program Files\Java\jdk-17\bin\vcruntime140_1.dll
0x00007ffbbf880000 - 0x00007ffbbf90e000 	C:\Program Files\Java\jdk-17\bin\msvcp140.dll
0x00007ffbbec70000 - 0x00007ffbbf850000 	C:\Program Files\Java\jdk-17\bin\server\jvm.dll
0x00007ffbe2160000 - 0x00007ffbe2168000 	C:\Windows\System32\PSAPI.DLL
0x00007ffbcb6f0000 - 0x00007ffbcb717000 	C:\Windows\SYSTEM32\WINMM.dll
0x00007ffbc6000000 - 0x00007ffbc6009000 	C:\Windows\SYSTEM32\WSOCK32.dll
0x00007ffbe1240000 - 0x00007ffbe12ab000 	C:\Windows\System32\WS2_32.dll
0x00007ffbde050000 - 0x00007ffbde062000 	C:\Windows\SYSTEM32\kernel.appcore.dll
0x00007ffbbec20000 - 0x00007ffbbec2a000 	C:\Program Files\Java\jdk-17\bin\jimage.dll
0x00007ffbdd570000 - 0x00007ffbdd771000 	C:\Windows\SYSTEM32\DBGHELP.DLL
0x00007ffbbebe0000 - 0x00007ffbbec14000 	C:\Windows\SYSTEM32\dbgcore.DLL
0x00007ffbe01a0000 - 0x00007ffbe0222000 	C:\Windows\System32\bcryptPrimitives.dll
0x00007ffbbebb0000 - 0x00007ffbbebd5000 	C:\Program Files\Java\jdk-17\bin\java.dll
0x00007ffbbea80000 - 0x00007ffbbeb57000 	C:\Program Files\Java\jdk-17\bin\jsvml.dll
0x00007ffbe07e0000 - 0x00007ffbe0f50000 	C:\Windows\System32\SHELL32.dll
0x00007ffbdd780000 - 0x00007ffbddf25000 	C:\Windows\SYSTEM32\windows.storage.dll
0x00007ffbe03b0000 - 0x00007ffbe0704000 	C:\Windows\System32\combase.dll
0x00007ffbdf450000 - 0x00007ffbdf47b000 	C:\Windows\SYSTEM32\Wldp.dll
0x00007ffbe18f0000 - 0x00007ffbe19bd000 	C:\Windows\System32\OLEAUT32.dll
0x00007ffbe1580000 - 0x00007ffbe162d000 	C:\Windows\System32\SHCORE.dll
0x00007ffbe2170000 - 0x00007ffbe21cb000 	C:\Windows\System32\shlwapi.dll
0x00007ffbdf950000 - 0x00007ffbdf974000 	C:\Windows\SYSTEM32\profapi.dll
0x00007ffbbea60000 - 0x00007ffbbea79000 	C:\Program Files\Java\jdk-17\bin\net.dll
0x00007ffbdc4e0000 - 0x00007ffbdc5ea000 	C:\Windows\SYSTEM32\WINHTTP.dll
0x00007ffbdf140000 - 0x00007ffbdf1aa000 	C:\Windows\system32\mswsock.dll
0x00007ffbbea40000 - 0x00007ffbbea56000 	C:\Program Files\Java\jdk-17\bin\nio.dll
0x00007ffbbea20000 - 0x00007ffbbea38000 	C:\Program Files\Java\jdk-17\bin\zip.dll
0x00007ffbb6690000 - 0x00007ffbb669a000 	C:\Program Files\Java\jdk-17\bin\management.dll
0x00007ffbb6680000 - 0x00007ffbb668b000 	C:\Program Files\Java\jdk-17\bin\management_ext.dll
0x00007ffbc5960000 - 0x00007ffbc5977000 	C:\Windows\system32\napinsp.dll
0x00007ffbc5940000 - 0x00007ffbc595b000 	C:\Windows\system32\pnrpnsp.dll
0x00007ffbc5840000 - 0x00007ffbc585d000 	C:\Windows\system32\wshbth.dll
0x00007ffbdc600000 - 0x00007ffbdc61d000 	C:\Windows\system32\NLAapi.dll
0x00007ffbdee20000 - 0x00007ffbdee5b000 	C:\Windows\SYSTEM32\IPHLPAPI.DLL
0x00007ffbdee60000 - 0x00007ffbdef2a000 	C:\Windows\SYSTEM32\DNSAPI.dll
0x00007ffbe2150000 - 0x00007ffbe2158000 	C:\Windows\System32\NSI.dll
0x00007ffbc5c50000 - 0x00007ffbc5c62000 	C:\Windows\System32\winrnr.dll
0x00007ffbd98a0000 - 0x00007ffbd98aa000 	C:\Windows\System32\rasadhlp.dll
0x00007ffbdc3a0000 - 0x00007ffbdc420000 	C:\Windows\System32\fwpuclnt.dll
0x00007ffbdf330000 - 0x00007ffbdf348000 	C:\Windows\SYSTEM32\CRYPTSP.dll
0x00007ffbde9f0000 - 0x00007ffbdea28000 	C:\Windows\system32\rsaenh.dll
0x00007ffbdf910000 - 0x00007ffbdf93e000 	C:\Windows\SYSTEM32\USERENV.dll
0x00007ffbdf350000 - 0x00007ffbdf35c000 	C:\Windows\SYSTEM32\CRYPTBASE.dll
0x00007ffbdc2c0000 - 0x00007ffbdc2d7000 	C:\Windows\SYSTEM32\dhcpcsvc6.DLL
0x00007ffbdc280000 - 0x00007ffbdc29d000 	C:\Windows\SYSTEM32\dhcpcsvc.DLL
0x00007ffbbdf60000 - 0x00007ffbbdf6e000 	C:\Program Files\Java\jdk-17\bin\sunmscapi.dll
0x00007ffbdfe40000 - 0x00007ffbdff9d000 	C:\Windows\System32\CRYPT32.dll
0x00007ffbdf4c0000 - 0x00007ffbdf4e7000 	C:\Windows\SYSTEM32\ncrypt.dll
0x00007ffbdf480000 - 0x00007ffbdf4bb000 	C:\Windows\SYSTEM32\NTASN1.dll

dbghelp: loaded successfully - version: 4.0.5 - missing functions: none
symbol engine: initialized successfully - sym options: 0x614 - pdb path: .;C:\Program Files\Java\jdk-17\bin;C:\Windows\SYSTEM32;C:\Windows\WinSxS\amd64_microsoft.windows.common-controls_6595b64144ccf1df_6.0.19041.6456_none_60b8a6cb71f64256;C:\Program Files\Java\jdk-17\bin\server

VM Arguments:
jvm_args: -Dcom.sun.management.jmxremote -Dcom.sun.management.jmxremote.port=50184 -Dcom.sun.management.jmxremote.authenticate=false -Dcom.sun.management.jmxremote.ssl=false -Djava.rmi.server.hostname=localhost -Dspring.jmx.enabled=true -Dmanagement.endpoints.jmx.exposure.include=* -Dspring.application.admin.enabled=true -Dspring.output.ansi.enabled=always -XX:TieredStopAtLevel=1 -Dspring.boot.project.name=UserManagement -Dfile.encoding=UTF-8 -Dstdout.encoding=UTF-8 -Dstderr.encoding=UTF-8 -XX:+ShowCodeDetailsInExceptionMessages 
java_command: com.usermanagement.UserManagementApplication
java_class_path (initial): C:\Users\kartik.jha\OneDrive - Uneecops Technologies Ltd\Desktop\APIWORKSPACE\UserManagement\target\classes;C:\Users\kartik.jha\.m2\repository\org\springframework\boot\spring-boot-starter-web\3.5.7\spring-boot-starter-web-3.5.7.jar;C:\Users\kartik.jha\.m2\repository\org\springframework\boot\spring-boot-starter\3.5.7\spring-boot-starter-3.5.7.jar;C:\Users\kartik.jha\.m2\repository\org\springframework\boot\spring-boot\3.5.7\spring-boot-3.5.7.jar;C:\Users\kartik.jha\.m2\repository\org\springframework\boot\spring-boot-autoconfigure\3.5.7\spring-boot-autoconfigure-3.5.7.jar;C:\Users\kartik.jha\.m2\repository\org\springframework\boot\spring-boot-starter-logging\3.5.7\spring-boot-starter-logging-3.5.7.jar;C:\Users\kartik.jha\.m2\repository\ch\qos\logback\logback-classic\1.5.20\logback-classic-1.5.20.jar;C:\Users\kartik.jha\.m2\repository\ch\qos\logback\logback-core\1.5.20\logback-core-1.5.20.jar;C:\Users\kartik.jha\.m2\repository\org\apache\logging\log4j\log4j-to-slf4j\2.24.3\log4j-to-slf4j-2.24.3.jar;C:\Users\kartik.jha\.m2\repository\org\apache\logging\log4j\log4j-api\2.24.3\log4j-api-2.24.3.jar;C:\Users\kartik.jha\.m2\repository\org\slf4j\jul-to-slf4j\2.0.17\jul-to-slf4j-2.0.17.jar;C:\Users\kartik.jha\.m2\repository\jakarta\annotation\jakarta.annotation-api\2.1.1\jakarta.annotation-api-2.1.1.jar;C:\Users\kartik.jha\.m2\repository\org\yaml\snakeyaml\2.4\snakeyaml-2.4.jar;C:\Users\kartik.jha\.m2\repository\org\springframework\boot\spring-boot-starter-json\3.5.7\spring-boot-starter-json-3.5.7.jar;C:\Users\kartik.jha\.m2\repository\com\fasterxml\jackson\datatype\jackson-datatype-jdk8\2.19.2\jackson-datatype-jdk8-2.19.2.jar;C:\Users\kartik.jha\.m2\repository\com\fasterxml\jackson\datatype\jackson-datatype-jsr310\2.19.2\jackson-datatype-jsr310-2.19.2.jar;C:\Users\kartik.jha\.m2\repository\com\fasterxml\jackson\module\jackson-module-parameter-names\2.19.2\jackson-module-parameter-names-2.19.2.jar;C:\Users\kartik.jha\.m2\repository\org\springframewo
Launcher Type: SUN_STANDARD

[Global flags]
     intx CICompilerCount                          = 3                                         {product} {ergonomic}
     uint ConcGCThreads                            = 1                                         {product} {ergonomic}
     uint G1ConcRefinementThreads                  = 4                                         {product} {ergonomic}
   size_t G1HeapRegionSize                         = 1048576                                   {product} {ergonomic}
    uintx GCDrainStackTargetSize                   = 64                                        {product} {ergonomic}
   size_t InitialHeapSize                          = 132120576                                 {product} {ergonomic}
     bool ManagementServer                         = true                                      {product} {command line}
   size_t MarkStackSize                            = 4194304                                   {product} {ergonomic}
   size_t MaxHeapSize                              = 2090860544                                {product} {ergonomic}
   size_t MaxNewSize                               = 1254096896                                {product} {ergonomic}
   size_t MinHeapDeltaBytes                        = 1048576                                   {product} {ergonomic}
   size_t MinHeapSize                              = 8388608                                   {product} {ergonomic}
    uintx NonProfiledCodeHeapSize                  = 0                                      {pd product} {ergonomic}
     bool ProfileInterpreter                       = false                                  {pd product} {command line}
    uintx ProfiledCodeHeapSize                     = 0                                      {pd product} {ergonomic}
     bool ShowCodeDetailsInExceptionMessages       = true                                   {manageable} {command line}
   size_t SoftMaxHeapSize                          = 2090860544                             {manageable} {ergonomic}
     intx TieredStopAtLevel                        = 1                                         {product} {command line}
     bool UseCompressedClassPointers               = true                           {product lp64_product} {ergonomic}
     bool UseCompressedOops                        = true                           {product lp64_product} {ergonomic}
     bool UseG1GC                                  = true                                      {product} {ergonomic}
     bool UseLargePagesIndividualAllocation        = false                                  {pd product} {ergonomic}

Logging:
Log output configuration:
 #0: stdout all=warning uptime,level,tags
 #1: stderr all=off uptime,level,tags

Environment Variables:
JAVA_HOME=C:\Program Files\Java\jdk-17
PATH=C:/Users/kartik.jha/Downloads/sts-4.30.0.RELEASE//plugins/org.eclipse.justj.openjdk.hotspot.jre.full.win32.x86_64_21.0.6.v20250130-0529/jre/bin/server;C:/Users/kartik.jha/Downloads/sts-4.30.0.RELEASE//plugins/org.eclipse.justj.openjdk.hotspot.jre.full.win32.x86_64_21.0.6.v20250130-0529/jre/bin;C:\Program Files\Common Files\Oracle\Java\javapath;C:\Program Files (x86)\Common Files\Oracle\Java\java8path;C:\Program Files (x86)\Common Files\Oracle\Java\javapath;C:\Windows\system32;C:\Windows;C:\Windows\System32\Wbem;C:\Windows\System32\WindowsPowerShell\v1.0\;C:\Windows\System32\OpenSSH\;C:\Program Files\Microsoft VS Code\bin;C:\Program Files\PuTTY\;C:\Program Files\nodejs\;C:\Program Files\Java\jdk-17\bin;C:\Users\kartik.jha\AppData\Local\Programs\Python\Python314\Scripts\;C:\Users\kartik.jha\AppData\Local\Programs\Python\Python314\;C:\Users\kartik.jha\AppData\Local\Microsoft\WindowsApps;C:\Users\kartik.jha\AppData\Local\Programs\Git\cmd;C:\Users\kartik.jha\AppData\Roaming\npm;C:\Users\kartik.jha\Downloads\sts-4.30.0.RELEASE;
USERNAME=kartik.jha
OS=Windows_NT
PROCESSOR_IDENTIFIER=Intel64 Family 6 Model 140 Stepping 1, GenuineIntel



---------------  S Y S T E M  ---------------

OS:
 Windows 10 , 64 bit Build 19041 (10.0.19041.5915)
OS uptime: 9 days 6:28 hours

CPU: total 4 (initial active 4) (2 cores per cpu, 2 threads per core) family 6 model 140 stepping 1 microcode 0xba, cx8, cmov, fxsr, ht, mmx, 3dnowpref, sse, sse2, sse3, ssse3, sse4.1, sse4.2, popcnt, lzcnt, tsc, tscinvbit, avx, avx2, aes, erms, clmul, bmi1, bmi2, adx, avx512f, avx512dq, avx512cd, avx512bw, avx512vl, sha, fma, vzeroupper, avx512_vpopcntdq, avx512_vpclmulqdq, avx512_vaes, avx512_vnni, clflush, clflushopt, clwb, avx512_vbmi2, avx512_vbmi

Memory: 4k page, system-wide physical 7975M (14M free)
TotalPageFile size 32551M (AvailPageFile size 2M)
current process WorkingSet (physical memory assigned to process): 157M, peak: 157M
current process commit charge ("private bytes"): 187M, peak: 234M

vm_info: Java HotSpot(TM) 64-Bit Server VM (17.0.12+8-LTS-286) for windows-amd64 JRE (17.0.12+8-LTS-286), built on Jun  5 2024 06:46:59 by "mach5one" with MS VC++ 17.6 (VS2022)

END.
